app/seeds.txt
com.drugporter.janatapharmacy.model.Noti: void setResult(java.lang.String)
com.drugporter.janatapharmacy.model.BProduct: void setResult(java.lang.String)
com.drugporter.janatapharmacy.model.Couponlist: Couponlist()
com.drugporter.janatapharmacy.model.AddressList: java.lang.String mType
com.drugporter.janatapharmacy.model.OrderProductDatum: java.lang.String getProductImage()
com.drugporter.janatapharmacy.model.HomeData: void setMainData(com.drugporter.janatapharmacy.model.MainData)
com.drugporter.janatapharmacy.ui.SettingActivity
com.drugporter.janatapharmacy.model.RestResponse: java.lang.String getResponseMsg()
com.drugporter.janatapharmacy.model.OrderProductList
com.drugporter.janatapharmacy.model.Banner: java.lang.String getId()
com.drugporter.janatapharmacy.ui.TramandconditionActivity_ViewBinding: TramandconditionActivity_ViewBinding(com.drugporter.janatapharmacy.ui.TramandconditionActivity,android.view.View)
com.drugporter.janatapharmacy.ui.OrderByTyping: OrderByTyping()
com.drugporter.janatapharmacy.model.User: java.lang.String getLname()
com.drugporter.janatapharmacy.ui.AboutActivity_ViewBinding
com.drugporter.janatapharmacy.ui.ProductDetailsActivity: ProductDetailsActivity()
com.drugporter.janatapharmacy.model.PincodeDatum: java.lang.String mDCharge
com.drugporter.janatapharmacy.model.HomeData: com.drugporter.janatapharmacy.model.MainData mMainData
com.drugporter.janatapharmacy.model.CountryCode: java.lang.String mId
com.drugporter.janatapharmacy.model.MainData: void setContact(java.lang.String)
com.drugporter.janatapharmacy.model.MainData: java.lang.String terms
com.drugporter.janatapharmacy.model.NotificationDatum
com.drugporter.janatapharmacy.model.AllBarand: java.lang.String responseMsg
com.drugporter.janatapharmacy.model.Payment: java.lang.String mResult
com.drugporter.janatapharmacy.ui.SearchActivity
com.drugporter.janatapharmacy.model.OrderHistory: java.lang.String mId
com.drugporter.janatapharmacy.model.CartValidate: java.lang.String getResponseMsg()
com.drugporter.janatapharmacy.model.MainData: java.lang.String getAbout()
com.drugporter.janatapharmacy.ui.UploadPrescriptionActivity$AdepterAddress$BannerHolder_ViewBinding: UploadPrescriptionActivity$AdepterAddress$BannerHolder_ViewBinding(com.drugporter.janatapharmacy.ui.UploadPrescriptionActivity$AdepterAddress$BannerHolder,android.view.View)
com.drugporter.janatapharmacy.ui.UploadPrescriptionActivity
com.drugporter.janatapharmacy.model.PrescriptionOrderProductList: void setOrderDate(java.lang.String)
com.drugporter.janatapharmacy.model.PincodeDatum: java.lang.String getStatus()
com.drugporter.janatapharmacy.model.ProductPrice: void writeToParcel(android.os.Parcel,int)
com.drugporter.janatapharmacy.model.Testimonial: java.lang.String mTitle
com.drugporter.janatapharmacy.model.Brand: java.lang.String mBname
com.drugporter.janatapharmacy.model.CartValidate: void setResponseCode(java.lang.String)
com.drugporter.janatapharmacy.model.Brand: void setStatus(java.lang.String)
com.drugporter.janatapharmacy.model.PaymentItem: java.lang.String getmStatus()
com.drugporter.janatapharmacy.model.PrescriptionOrderProductList: java.util.List getPrescriptionImageList()
com.drugporter.janatapharmacy.model.OrderHistory: void setOrderDate(java.lang.String)
com.drugporter.janatapharmacy.ui.RazerpayActivity
com.drugporter.janatapharmacy.ui.OrderDetailsActivity: void onClick(android.view.View)
com.drugporter.janatapharmacy.ui.OrderByTyping
com.drugporter.janatapharmacy.ui.VerifyPhoneActivity_ViewBinding
com.drugporter.janatapharmacy.model.AddressList: java.lang.String mDeliveryCharge
com.drugporter.janatapharmacy.model.OrderP: void setOrderProductList(java.util.List)
com.drugporter.janatapharmacy.model.HomeData: com.drugporter.janatapharmacy.model.MainData getMainData()
com.drugporter.janatapharmacy.ui.ProfileActivity: ProfileActivity()
com.drugporter.janatapharmacy.model.PaymentItem: void setmAttributes(java.lang.String)
com.drugporter.janatapharmacy.ui.IntroActivity
...
com.stripe.android.stripe3ds2.R$attr: int layout_dodgeInsetEdges
com.stripe.android.view.PaymentFlowActivity$viewModel$2
org.bouncycastle.jcajce.provider.symmetric.VMPC$Mac: VMPC$Mac()
com.google.android.libraries.places.internal.zzmn$zzp$zza: zzmn$zzp$zza(java.lang.String,int,int)
butterknife.Setter
org.bouncycastle.jce.provider.ExtCRLException: java.lang.Throwable getCause()
com.stripe.android.R$style: int Base_V28_Theme_AppCompat_Light
com.google.android.libraries.places.internal.zzmn$zzp: com.google.android.libraries.places.internal.zzty zzu
com.stripe.android.AnalyticsRequest$Factory: AnalyticsRequest$Factory()
org.bouncycastle.jcajce.provider.symmetric.VMPCKSA3$Mappings: VMPCKSA3$Mappings()
com.google.android.libraries.places.internal.zzcf: java.util.Map zzd
com.google.android.libraries.places.internal.zzuz: void zzb(java.lang.Object,long,byte)
com.razorpay.AnalyticsConstants: java.lang.String CHECKOUT_ACTIVITY_INIT
com.stripe.android.stripe3ds2.R$dimen: int abc_action_bar_overflow_padding_start_material
com.google.android.gms.internal.measurement.zzca$zzb: com.google.android.gms.internal.measurement.zzjp zzn
com.stripe.android.Stripe3ds2AuthParams: java.lang.String FIELD_SDK_APP_ID
com.stripe.android.ApiOperation$execute$1: kotlin.coroutines.Continuation create(java.lang.Object,kotlin.coroutines.Continuation)
com.google.android.libraries.places.api.model.Period: Period()
org.bouncycastle.jcajce.provider.asymmetric.ec.KeyAgreementSpi$ECKAEGwithSHA256KDF
com.google.android.libraries.places.internal.zzks$zzb
com.stripe.android.R$drawable: int abc_ic_menu_selectall_mtrl_alpha
org.bouncycastle.jcajce.provider.asymmetric.dh.KeyAgreementSpi: java.math.BigInteger ONE
org.bouncycastle.jcajce.provider.symmetric.DSTU7624$GCM512
com.stripe.android.model.Token$Companion: com.stripe.android.model.Token fromString(java.lang.String)
com.google.android.libraries.places.internal.zzjo$zze$zza: java.lang.String toString()
org.bouncycastle.jcajce.provider.symmetric.util.BaseWrapCipher$ErasableOutputStream
com.google.android.libraries.places.internal.zzjl$zzd: com.google.android.libraries.places.internal.zzty zzh
com.razorpay.Y$_o$$3
com.google.android.gms.internal.location.zzbd: android.os.Parcelable$Creator CREATOR
com.stripe.android.model.AccountParams$BusinessTypeParams$Company$Builder: com.stripe.android.model.AccountParams$BusinessTypeParams$Company$Builder setDirectorsProvided(java.lang.Boolean)
com.stripe.android.PaymentRelayStarter$Companion: PaymentRelayStarter$Companion()
com.google.android.libraries.places.api.model.zzk: java.lang.Integer zzb
com.razorpay.PluginCheckoutBridge$2: PluginCheckoutBridge$2(com.razorpay.PluginCheckoutBridge,java.lang.String)
com.razorpay.J$$A_: com.razorpay.J$$A_ Q_$2$
com.stripe.android.model.parsers.SourceJsonParser$KlarnaJsonParser: java.lang.String FIELD_PAY_NOW_REDIRECT_URL
androidx.recyclerview.widget.RecyclerView: android.view.animation.Interpolator sQuinticInterpolator
com.google.android.libraries.places.internal.zzmn$zzg
com.razorpay.AnalyticsConstants: java.lang.String VERSION
com.google.android.libraries.places.internal.zzmn$zzau$zzb: com.google.android.libraries.places.internal.zzmn$zzau$zzb zze
androidx.recyclerview.widget.RecyclerView$ViewHolder: boolean needsUpdate()
com.stripe.android.model.AccountParams$BusinessTypeParams$Individual$Document: java.lang.String PARAM_BACK
com.stripe.android.StripeApiRepository: java.lang.String getDetachPaymentMethodUrl$stripe_release(java.lang.String)
com.google.android.libraries.places.R$color: int quantum_amber800
com.stripe.android.stripe3ds2.R$style: int Base_Widget_AppCompat_Light_ActionBar_TabText_Inverse
com.stripe.android.model.PersonTokenParams$Document: java.lang.String component1()
com.google.android.libraries.places.internal.zzmo: com.google.android.libraries.places.internal.zzmo[] values()
com.google.android.libraries.places.internal.zzkc$zzm$zza: zzkc$zzm$zza(com.google.android.libraries.places.internal.zzkd)