app/unused.txt
com.drugporter.janatapharmacy.ui.OrderDetailsActivity_ViewBinding:
    public void <init>(com.drugporter.janatapharmacy.ui.OrderDetailsActivity)
    public void unbind()
com.drugporter.janatapharmacy.R$drawable
com.drugporter.janatapharmacy.retrofit.UserService:
    public abstract retrofit2.Call getCat(okhttp3.RequestBody)
    public abstract retrofit2.Call getPinCode(okhttp3.RequestBody)
com.drugporter.janatapharmacy.fragment.ProductFragment_ViewBinding:
    public void unbind()
com.drugporter.janatapharmacy.ui.PrescriptionOrderDetailsActivity_ViewBinding:
    public void <init>(com.drugporter.janatapharmacy.ui.PrescriptionOrderDetailsActivity)
    public void unbind()
com.drugporter.janatapharmacy.ui.CartActivity$ItemAdp$ViewHolder_ViewBinding:
    public void unbind()
com.drugporter.janatapharmacy.R$anim
com.drugporter.janatapharmacy.imagepicker.ImagePicker:
    public com.drugporter.janatapharmacy.imagepicker.ImagePicker withFragment(androidx.fragment.app.Fragment)
    public static final int SELECT_IMAGE
com.drugporter.janatapharmacy.R$styleable
com.drugporter.janatapharmacy.utiles.MyCart:
    public java.lang.String getId()
com.drugporter.janatapharmacy.BuildConfig
com.drugporter.janatapharmacy.ui.OrderActivity$ItemAdp$ViewHolder_ViewBinding:
    public void unbind()
com.drugporter.janatapharmacy.ui.OrderByTyping_ViewBinding:
    public void <init>(com.drugporter.janatapharmacy.ui.OrderByTyping)
    public void unbind()
com.drugporter.janatapharmacy.R$id
com.drugporter.janatapharmacy.ui.CoupunActivity_ViewBinding:
    public void <init>(com.drugporter.janatapharmacy.ui.CoupunActivity)
    public void unbind()
com.drugporter.janatapharmacy.R$raw
com.drugporter.janatapharmacy.ui.PrivacyPolicyActivity_ViewBinding:
    public void <init>(com.drugporter.janatapharmacy.ui.PrivacyPolicyActivity)
    public void unbind()
com.drugporter.janatapharmacy.adepter.CouponAdp$MyViewHolder_ViewBinding:
    public void unbind()
com.drugporter.janatapharmacy.fragment.CategoryFragment_ViewBinding:
    public void unbind()
com.drugporter.janatapharmacy.ui.CartActivity_ViewBinding:
    public void <init>(com.drugporter.janatapharmacy.ui.CartActivity)
    public void unbind()
com.drugporter.janatapharmacy.R$bool
com.drugporter.janatapharmacy.ui.ProductDetailsActivity$BannerAdapter$BannerHolder_ViewBinding:
    public void unbind()
com.drugporter.janatapharmacy.fragment.PopularProductFragment:
    public static com.drugporter.janatapharmacy.fragment.PopularProductFragment newInstance(java.lang.String,java.lang.String)
com.drugporter.janatapharmacy.ui.NotificationActivity_ViewBinding:
    public void <init>(com.drugporter.janatapharmacy.ui.NotificationActivity)
    public void unbind()
com.drugporter.janatapharmacy.fragment.PopularProductFragment_ViewBinding:
    public void unbind()
com.drugporter.janatapharmacy.R$plurals
com.drugporter.janatapharmacy.R$style
com.drugporter.janatapharmacy.R$attr
...
okio.ByteString:
    public static int codePointIndexToCharIndex(java.lang.String,int)
    public okio.ByteString md5()
    public okio.ByteString sha1()
    public okio.ByteString sha256()
    public final boolean startsWith(okio.ByteString)
    public int compareTo(okio.ByteString)
a.a.a.a.b.k$a:
    public void <init>(java.util.List)
    public java.util.List getWarnings()
com.google.android.material.internal.ViewUtils$RelativePadding:
    public void applyToView(android.view.View)
com.stripe.net.RequestOptions:
    public static com.stripe.net.RequestOptions getDefault()
    public java.lang.String getApiKey()
    public java.lang.String getClientId()
    public java.lang.String getIdempotencyKey()
    public java.lang.String getStripeAccount()
    public java.lang.String getStripeVersion()
    public java.lang.String getStripeVersionOverride()
    public int getReadTimeout()
    public int getConnectTimeout()
    public int getMaxNetworkRetries()
    public boolean canEqual(java.lang.Object)
    public final java.lang.String clientId
    public final java.lang.String idempotencyKey
    public final java.lang.String stripeAccount
    public final java.lang.String stripeVersion
    public final java.lang.String stripeVersionOverride
    public final int connectTimeout
    public final int readTimeout
    public final int maxNetworkRetries
com.bumptech.glide.Glide$RequestOptionsFactory
org.bouncycastle.math.ec.custom.sec.SecP521R1Curve$1:
    public final org.bouncycastle.math.ec.ECPoint createPoint(int[],int[])
kotlin.collections.CollectionsKt___CollectionsKt
com.google.android.gms.internal.measurement.zzov:
    public static boolean zzc()
    public void <init>(com.google.android.gms.internal.measurement.zzeb)
com.bumptech.glide.load.engine.cache.MemorySizeCalculator$ScreenDimensions
com.bumptech.glide.request.transition.TransitionFactory
a.a.a.a.d.d$a:
    public void <init>(android.app.Activity,a.a.a.a.e.a,java.lang.String,com.stripe.android.stripe3ds2.init.ui.StripeUiCustomization,com.stripe.android.stripe3ds2.transaction.ChallengeStatusReceiver,a.a.a.a.d.y$a,a.a.a.a.d.f$a,a.a.a.a.d.f,a.a.a.a.d.k,kotlinx.coroutines.CoroutineScope,android.content.Intent)
    public void <init>(android.app.Activity,a.a.a.a.e.a,java.lang.String,com.stripe.android.stripe3ds2.init.ui.StripeUiCustomization,com.stripe.android.stripe3ds2.transaction.ChallengeStatusReceiver,a.a.a.a.d.y$a,a.a.a.a.d.f$a,a.a.a.a.d.f,a.a.a.a.d.k,kotlinx.coroutines.CoroutineScope,android.content.Intent,int)
    public final android.content.Intent e
com.google.android.gms.internal.measurement.zzdv
kotlin.collections.CollectionsKt__MutableCollectionsJVMKt
org.bouncycastle.crypto.modes.CCMBlockCipher:
    public void processAADByte(byte)
    public int processPacket(byte[],int,int,byte[],int)
    public final int getAssociatedTextLength()
androidx.appcompat.graphics.drawable.StateListDrawable$StateListState:
    public int addStateSet(int[],android.graphics.drawable.Drawable)
    public void growArray(int,int)
com.bumptech.glide.load.resource.bitmap.UnitBitmapDecoder:
    public boolean handles()
    public com.bumptech.glide.load.engine.Resource decode(android.graphics.Bitmap)
com.google.firebase.installations.AutoValue_InstallationTokenResult$Builder
retrofit2.ServiceMethod
com.google.android.gms.common.util.UidVerifier
com.google.android.gms.measurement.internal.zzfm:
    public void <init>(com.google.android.gms.measurement.internal.zzfj,java.lang.String,long)
    public final void zza(java.lang.String)
    public final android.util.Pair zza()
    public final long zzc()
com.bumptech.glide.load.engine.EngineResource$ResourceListener:
    public abstract void onResourceReleased(com.bumptech.glide.load.Key,com.bumptech.glide.load.engine.EngineResource)
com.bumptech.glide.load.model.LazyHeaderFactory
com.onesignal.InAppMessageView$9